  Proc.cpp
C:\workspace\2DFPS_2\2DFPS_2\game\Menu.h(1,1): warning C4828: 파일에 0x165 오프셋에서 시작하는 문자가 포함되어 있습니다. 이 문자는 현재 원본 문자 집합에서 잘못된 문자입니다(코드 페이지 65001).
C:\workspace\2DFPS_2\2DFPS_2\game\Menu.h(1,1): warning C4828: 파일에 0x168 오프셋에서 시작하는 문자가 포함되어 있습니다. 이 문자는 현재 원본 문자 집합에서 잘못된 문자입니다(코드 페이지 65001).
C:\workspace\2DFPS_2\2DFPS_2\game\Menu.h(1,1): warning C4828: 파일에 0x211 오프셋에서 시작하는 문자가 포함되어 있습니다. 이 문자는 현재 원본 문자 집합에서 잘못된 문자입니다(코드 페이지 65001).
C:\workspace\2DFPS_2\2DFPS_2\game\Menu.h(1,1): warning C4828: 파일에 0x212 오프셋에서 시작하는 문자가 포함되어 있습니다. 이 문자는 현재 원본 문자 집합에서 잘못된 문자입니다(코드 페이지 65001).
C:\workspace\2DFPS_2\2DFPS_2\game\Menu.h(1,1): warning C4828: 파일에 0x216 오프셋에서 시작하는 문자가 포함되어 있습니다. 이 문자는 현재 원본 문자 집합에서 잘못된 문자입니다(코드 페이지 65001).
C:\workspace\2DFPS_2\2DFPS_2\game\Menu.h(1,1): warning C4828: 파일에 0x2af 오프셋에서 시작하는 문자가 포함되어 있습니다. 이 문자는 현재 원본 문자 집합에서 잘못된 문자입니다(코드 페이지 65001).
C:\workspace\2DFPS_2\2DFPS_2\game\Menu.h(1,1): warning C4828: 파일에 0x2b0 오프셋에서 시작하는 문자가 포함되어 있습니다. 이 문자는 현재 원본 문자 집합에서 잘못된 문자입니다(코드 페이지 65001).
C:\workspace\2DFPS_2\2DFPS_2\game\Menu.h(1,1): warning C4828: 파일에 0x2b1 오프셋에서 시작하는 문자가 포함되어 있습니다. 이 문자는 현재 원본 문자 집합에서 잘못된 문자입니다(코드 페이지 65001).
C:\workspace\2DFPS_2\2DFPS_2\game\Menu.h(1,1): warning C4828: 파일에 0x2b2 오프셋에서 시작하는 문자가 포함되어 있습니다. 이 문자는 현재 원본 문자 집합에서 잘못된 문자입니다(코드 페이지 65001).
C:\workspace\2DFPS_2\2DFPS_2\game\Menu.h(1,1): warning C4828: 파일에 0x2b7 오프셋에서 시작하는 문자가 포함되어 있습니다. 이 문자는 현재 원본 문자 집합에서 잘못된 문자입니다(코드 페이지 65001).
C:\workspace\2DFPS_2\2DFPS_2\game\Proc.cpp(461,23): warning C4244: '인수': 'int'에서 'float'(으)로 변환하면서 데이터가 손실될 수 있습니다.
C:\workspace\2DFPS_2\2DFPS_2\game\Proc.cpp(488,27): warning C4244: '인수': 'int'에서 'float'(으)로 변환하면서 데이터가 손실될 수 있습니다.
C:\workspace\2DFPS_2\2DFPS_2\game\Proc.cpp(667,4): warning C4390: ';': 제어된 빈 문이 있습니다. 이 문이 필요합니까?
C:\workspace\2DFPS_2\2DFPS_2\game\Proc.cpp(826,13): warning C4244: '초기화 중': 'float'에서 'int'(으)로 변환하면서 데이터가 손실될 수 있습니다.
C:\workspace\2DFPS_2\2DFPS_2\game\Proc.cpp(842,13): warning C4244: '초기화 중': 'float'에서 'int'(으)로 변환하면서 데이터가 손실될 수 있습니다.
C:\workspace\2DFPS_2\2DFPS_2\game\Proc.cpp(1097,37): warning C4244: '인수': 'int'에서 'float'(으)로 변환하면서 데이터가 손실될 수 있습니다.
C:\workspace\2DFPS_2\2DFPS_2\game\Proc.cpp(1236,37): warning C4244: '인수': 'int'에서 'float'(으)로 변환하면서 데이터가 손실될 수 있습니다.
C:\workspace\2DFPS_2\2DFPS_2\game\Proc.cpp(1518,11): warning C4244: '초기화 중': 'float'에서 'int'(으)로 변환하면서 데이터가 손실될 수 있습니다.
C:\workspace\2DFPS_2\2DFPS_2\game\Proc.cpp(1522,62): warning C4244: '인수': 'int'에서 'float'(으)로 변환하면서 데이터가 손실될 수 있습니다.
C:\workspace\2DFPS_2\2DFPS_2\game\Proc.cpp(1522,44): warning C4244: '인수': 'int'에서 'float'(으)로 변환하면서 데이터가 손실될 수 있습니다.
C:\workspace\2DFPS_2\2DFPS_2\game\Proc.cpp(1522,33): warning C4244: '인수': 'int'에서 'float'(으)로 변환하면서 데이터가 손실될 수 있습니다.
C:\workspace\2DFPS_2\2DFPS_2\game\Proc.cpp(1522,20): warning C4244: '인수': 'int'에서 'float'(으)로 변환하면서 데이터가 손실될 수 있습니다.
C:\workspace\2DFPS_2\2DFPS_2\game\Proc.cpp(1524,62): warning C4244: '인수': 'int'에서 'float'(으)로 변환하면서 데이터가 손실될 수 있습니다.
C:\workspace\2DFPS_2\2DFPS_2\game\Proc.cpp(1524,44): warning C4244: '인수': 'int'에서 'float'(으)로 변환하면서 데이터가 손실될 수 있습니다.
C:\workspace\2DFPS_2\2DFPS_2\game\Proc.cpp(1524,26): warning C4244: '인수': 'int'에서 'float'(으)로 변환하면서 데이터가 손실될 수 있습니다.
C:\workspace\2DFPS_2\2DFPS_2\game\Proc.cpp(1524,15): warning C4244: '인수': 'int'에서 'float'(으)로 변환하면서 데이터가 손실될 수 있습니다.
C:\workspace\2DFPS_2\2DFPS_2\game\Proc.cpp(1575,34): warning C4244: '인수': 'int'에서 'float'(으)로 변환하면서 데이터가 손실될 수 있습니다.
C:\workspace\2DFPS_2\2DFPS_2\game\Proc.cpp(1655,9): warning C4244: '인수': 'int'에서 'float'(으)로 변환하면서 데이터가 손실될 수 있습니다.
C:\workspace\2DFPS_2\2DFPS_2\game\Proc.cpp(1654,35): warning C4244: '인수': 'int'에서 'float'(으)로 변환하면서 데이터가 손실될 수 있습니다.
C:\workspace\2DFPS_2\2DFPS_2\game\Proc.cpp(1689,28): warning C4305: '인수': 'double'에서 'float'(으)로 잘립니다.
C:\workspace\2DFPS_2\2DFPS_2\game\Proc.cpp(1703,30): warning C4305: '인수': 'double'에서 'float'(으)로 잘립니다.
C:\workspace\2DFPS_2\2DFPS_2\game\Proc.cpp(1705,30): warning C4305: '인수': 'double'에서 'float'(으)로 잘립니다.
C:\workspace\2DFPS_2\2DFPS_2\game\Proc.cpp(1796,25): warning C4819: 현재 코드 페이지(0)에서 표시할 수 없는 문자가 파일에 들어 있습니다. 데이터가 손실되지 않게 하려면 해당 파일을 유니코드 형식으로 저장하십시오.
C:\workspace\2DFPS_2\2DFPS_2\game\Proc.cpp(1800,25): warning C4819: 현재 코드 페이지(0)에서 표시할 수 없는 문자가 파일에 들어 있습니다. 데이터가 손실되지 않게 하려면 해당 파일을 유니코드 형식으로 저장하십시오.
C:\workspace\2DFPS_2\2DFPS_2\game\Proc.cpp(1804,19): warning C4819: 현재 코드 페이지(0)에서 표시할 수 없는 문자가 파일에 들어 있습니다. 데이터가 손실되지 않게 하려면 해당 파일을 유니코드 형식으로 저장하십시오.
C:\workspace\2DFPS_2\2DFPS_2\game\Proc.cpp(862): warning C4715: 'Bullet::check': 모든 제어 경로에서 값을 반환하지는 않습니다.
  2DFPS_2.vcxproj -> C:\workspace\2DFPS_2\Debug\2DFPS_2.exe
