c:\workspace\2dfps_2\2dfps_2\debug\vc143.pdb
c:\workspace\2dfps_2\2dfps_2\debug\vc143.idb
c:\workspace\2dfps_2\2dfps_2\debug\iutil.obj
c:\workspace\2dfps_2\2dfps_2\debug\istrtex.obj
c:\workspace\2dfps_2\2dfps_2\debug\istring.obj
c:\workspace\2dfps_2\2dfps_2\debug\istd.obj
c:\workspace\2dfps_2\2dfps_2\debug\isort.obj
c:\workspace\2dfps_2\2dfps_2\debug\isize.obj
c:\workspace\2dfps_2\2dfps_2\debug\irect.obj
c:\workspace\2dfps_2\2dfps_2\debug\ipopup.obj
c:\workspace\2dfps_2\2dfps_2\debug\ipoint.obj
c:\workspace\2dfps_2\2dfps_2\debug\iparticlesystem.obj
c:\workspace\2dfps_2\2dfps_2\debug\iopenal.obj
c:\workspace\2dfps_2\2dfps_2\debug\iimage.obj
c:\workspace\2dfps_2\2dfps_2\debug\igraphics.obj
c:\workspace\2dfps_2\2dfps_2\debug\icolor.obj
c:\workspace\2dfps_2\2dfps_2\debug\iarray.obj
c:\workspace\2dfps_2\2dfps_2\debug\iwindow.obj
c:\workspace\2dfps_2\2dfps_2\debug\2dfps_2.obj
c:\workspace\2dfps_2\2dfps_2\debug\glew.obj
c:\workspace\2dfps_2\2dfps_2\debug\game.obj
c:\workspace\2dfps_2\2dfps_2\debug\app.obj
c:\workspace\2dfps_2\debug\2dfps_2.exe
c:\workspace\2dfps_2\2dfps_2\debug\2dfps_2.ilk
c:\workspace\2dfps_2\debug\2dfps_2.pdb
c:\workspace\2dfps_2\2dfps_2\debug\2dfps_2.res
c:\workspace\2dfps_2\2dfps_2\debug\2dfps_2.tlog\cl.command.1.tlog
c:\workspace\2dfps_2\2dfps_2\debug\2dfps_2.tlog\cl.read.1.tlog
c:\workspace\2dfps_2\2dfps_2\debug\2dfps_2.tlog\cl.write.1.tlog
c:\workspace\2dfps_2\2dfps_2\debug\2dfps_2.tlog\link.command.1.tlog
c:\workspace\2dfps_2\2dfps_2\debug\2dfps_2.tlog\link.read.1.tlog
c:\workspace\2dfps_2\2dfps_2\debug\2dfps_2.tlog\link.write.1.tlog
c:\workspace\2dfps_2\2dfps_2\debug\2dfps_2.tlog\rc.command.1.tlog
c:\workspace\2dfps_2\2dfps_2\debug\2dfps_2.tlog\rc.read.1.tlog
c:\workspace\2dfps_2\2dfps_2\debug\2dfps_2.tlog\rc.write.1.tlog
